<?xml version="1.0" encoding="UTF-8"?>
<testng-results skipped="0" failed="2" ignored="0" total="4" passed="2">
  <reporter-output>
  </reporter-output>
  <suite name="Suite" duration-ms="31527" started-at="2022-04-13T10:44:50 IST" finished-at="2022-04-13T10:45:21 IST">
    <groups>
    </groups>
    <test name="Test" duration-ms="19033" started-at="2022-04-13T10:44:50 IST" finished-at="2022-04-13T10:45:09 IST">
      <class name="testcase.ViewLeadtestCase">
        <test-method status="PASS" signature="setfile()[pri:0, instance:testcase.ViewLeadtestCase@16022d9d]" name="setfile" is-config="true" duration-ms="23" started-at="2022-04-13T10:44:50 IST" finished-at="2022-04-13T10:44:50 IST">
          <reporter-output>
          </reporter-output>
        </test-method> <!-- setfile -->
        <test-method status="PASS" signature="launchBrowser(java.lang.String)[pri:0, instance:testcase.ViewLeadtestCase@16022d9d]" name="launchBrowser" is-config="true" duration-ms="10228" started-at="2022-04-13T10:44:53 IST" finished-at="2022-04-13T10:45:03 IST">
          <params>
            <param index="0">
              <value>
                <![CDATA[French]]>
              </value>
            </param>
          </params>
          <reporter-output>
          </reporter-output>
        </test-method> <!-- launchBrowser -->
        <test-method status="FAIL" signature="viewLead_02(java.lang.String,java.lang.String,java.lang.String)[pri:0, instance:testcase.ViewLeadtestCase@16022d9d]" name="viewLead_02" duration-ms="4508" started-at="2022-04-13T10:45:03 IST" data-provider="data" finished-at="2022-04-13T10:45:08 IST">
          <params>
            <param index="0">
              <value>
                <![CDATA[TL]]>
              </value>
            </param>
            <param index="1">
              <value>
                <![CDATA[Hari]]>
              </value>
            </param>
            <param index="2">
              <value>
                <![CDATA[R]]>
              </value>
            </param>
          </params>
          <exception class="java.lang.NullPointerException">
            <full-stacktrace>
              <![CDATA[java.lang.NullPointerException
at pages.MyHome.clickhome(MyHome.java:14)
at testcase.ViewLeadtestCase.viewLead_02(ViewLeadtestCase.java:25)
at sun.reflect.NativeMethodAccessorImpl.invoke0(Native Method)
at sun.reflect.NativeMethodAccessorImpl.invoke(NativeMethodAccessorImpl.java:62)
at sun.reflect.DelegatingMethodAccessorImpl.invoke(DelegatingMethodAccessorImpl.java:43)
at java.lang.reflect.Method.invoke(Method.java:498)
at org.testng.internal.MethodInvocationHelper.invokeMethod(MethodInvocationHelper.java:133)
at org.testng.internal.TestInvoker.invokeMethod(TestInvoker.java:598)
at org.testng.internal.TestInvoker.invokeTestMethod(TestInvoker.java:173)
at org.testng.internal.MethodRunner.runInSequence(MethodRunner.java:46)
at org.testng.internal.TestInvoker$MethodInvocationAgent.invoke(TestInvoker.java:824)
at org.testng.internal.TestInvoker.invokeTestMethods(TestInvoker.java:146)
at org.testng.internal.TestMethodWorker.invokeTestMethods(TestMethodWorker.java:146)
at org.testng.internal.TestMethodWorker.run(TestMethodWorker.java:128)
at java.util.concurrent.ThreadPoolExecutor.runWorker(ThreadPoolExecutor.java:1149)
at java.util.concurrent.ThreadPoolExecutor$Worker.run(ThreadPoolExecutor.java:624)
at java.lang.Thread.run(Thread.java:748)
]]>
            </full-stacktrace>
          </exception> <!-- java.lang.NullPointerException -->
          <reporter-output>
          </reporter-output>
        </test-method> <!-- viewLead_02 -->
        <test-method status="PASS" signature="tearDown()[pri:0, instance:testcase.ViewLeadtestCase@16022d9d]" name="tearDown" is-config="true" duration-ms="616" started-at="2022-04-13T10:45:08 IST" finished-at="2022-04-13T10:45:09 IST">
          <reporter-output>
          </reporter-output>
        </test-method> <!-- tearDown -->
      </class> <!-- testcase.ViewLeadtestCase -->
      <class name="testcase.LoginTestCase">
        <test-method status="PASS" signature="launchBrowser(java.lang.String)[pri:0, instance:testcase.LoginTestCase@710726a3]" name="launchBrowser" is-config="true" duration-ms="13753" started-at="2022-04-13T10:44:50 IST" finished-at="2022-04-13T10:45:03 IST">
          <params>
            <param index="0">
              <value>
                <![CDATA[French]]>
              </value>
            </param>
          </params>
          <reporter-output>
          </reporter-output>
        </test-method> <!-- launchBrowser -->
        <test-method status="PASS" signature="Login_01()[pri:0, instance:testcase.LoginTestCase@710726a3]" name="Login_01" duration-ms="1448" started-at="2022-04-13T10:45:03 IST" finished-at="2022-04-13T10:45:05 IST">
          <reporter-output>
          </reporter-output>
        </test-method> <!-- Login_01 -->
        <test-method status="PASS" signature="tearDown()[pri:0, instance:testcase.LoginTestCase@710726a3]" name="tearDown" is-config="true" duration-ms="654" started-at="2022-04-13T10:45:05 IST" finished-at="2022-04-13T10:45:05 IST">
          <reporter-output>
          </reporter-output>
        </test-method> <!-- tearDown -->
      </class> <!-- testcase.LoginTestCase -->
    </test> <!-- Test -->
    <test name="Test1" duration-ms="12411" started-at="2022-04-13T10:45:09 IST" finished-at="2022-04-13T10:45:21 IST">
      <class name="testcase.ViewLeadtestCase">
        <test-method status="PASS" signature="setfile()[pri:0, instance:testcase.ViewLeadtestCase@2473b9ce]" name="setfile" is-config="true" duration-ms="1" started-at="2022-04-13T10:45:09 IST" finished-at="2022-04-13T10:45:09 IST">
          <reporter-output>
          </reporter-output>
        </test-method> <!-- setfile -->
        <test-method status="PASS" signature="launchBrowser(java.lang.String)[pri:0, instance:testcase.ViewLeadtestCase@2473b9ce]" name="launchBrowser" is-config="true" duration-ms="7406" started-at="2022-04-13T10:45:09 IST" finished-at="2022-04-13T10:45:16 IST">
          <params>
            <param index="0">
              <value>
                <![CDATA[French]]>
              </value>
            </param>
          </params>
          <reporter-output>
          </reporter-output>
        </test-method> <!-- launchBrowser -->
        <test-method status="FAIL" signature="viewLead_02(java.lang.String,java.lang.String,java.lang.String)[pri:0, instance:testcase.ViewLeadtestCase@2473b9ce]" name="viewLead_02" duration-ms="3905" started-at="2022-04-13T10:45:16 IST" data-provider="data" finished-at="2022-04-13T10:45:20 IST">
          <params>
            <param index="0">
              <value>
                <![CDATA[TL]]>
              </value>
            </param>
            <param index="1">
              <value>
                <![CDATA[Hari]]>
              </value>
            </param>
            <param index="2">
              <value>
                <![CDATA[R]]>
              </value>
            </param>
          </params>
          <exception class="java.lang.NullPointerException">
            <full-stacktrace>
              <![CDATA[java.lang.NullPointerException
at pages.MyHome.clickhome(MyHome.java:14)
at testcase.ViewLeadtestCase.viewLead_02(ViewLeadtestCase.java:25)
at sun.reflect.NativeMethodAccessorImpl.invoke0(Native Method)
at sun.reflect.NativeMethodAccessorImpl.invoke(NativeMethodAccessorImpl.java:62)
at sun.reflect.DelegatingMethodAccessorImpl.invoke(DelegatingMethodAccessorImpl.java:43)
at java.lang.reflect.Method.invoke(Method.java:498)
at org.testng.internal.MethodInvocationHelper.invokeMethod(MethodInvocationHelper.java:133)
at org.testng.internal.TestInvoker.invokeMethod(TestInvoker.java:598)
at org.testng.internal.TestInvoker.invokeTestMethod(TestInvoker.java:173)
at org.testng.internal.MethodRunner.runInSequence(MethodRunner.java:46)
at org.testng.internal.TestInvoker$MethodInvocationAgent.invoke(TestInvoker.java:824)
at org.testng.internal.TestInvoker.invokeTestMethods(TestInvoker.java:146)
at org.testng.internal.TestMethodWorker.invokeTestMethods(TestMethodWorker.java:146)
at org.testng.internal.TestMethodWorker.run(TestMethodWorker.java:128)
at java.util.concurrent.ThreadPoolExecutor.runWorker(ThreadPoolExecutor.java:1149)
at java.util.concurrent.ThreadPoolExecutor$Worker.run(ThreadPoolExecutor.java:624)
at java.lang.Thread.run(Thread.java:748)
]]>
            </full-stacktrace>
          </exception> <!-- java.lang.NullPointerException -->
          <reporter-output>
          </reporter-output>
        </test-method> <!-- viewLead_02 -->
        <test-method status="PASS" signature="tearDown()[pri:0, instance:testcase.ViewLeadtestCase@2473b9ce]" name="tearDown" is-config="true" duration-ms="858" started-at="2022-04-13T10:45:20 IST" finished-at="2022-04-13T10:45:21 IST">
          <reporter-output>
          </reporter-output>
        </test-method> <!-- tearDown -->
      </class> <!-- testcase.ViewLeadtestCase -->
      <class name="testcase.LoginTestCase">
        <test-method status="PASS" signature="launchBrowser(java.lang.String)[pri:0, instance:testcase.LoginTestCase@50de0926]" name="launchBrowser" is-config="true" duration-ms="6657" started-at="2022-04-13T10:45:09 IST" finished-at="2022-04-13T10:45:15 IST">
          <params>
            <param index="0">
              <value>
                <![CDATA[French]]>
              </value>
            </param>
          </params>
          <reporter-output>
          </reporter-output>
        </test-method> <!-- launchBrowser -->
        <test-method status="PASS" signature="Login_01()[pri:0, instance:testcase.LoginTestCase@50de0926]" name="Login_01" duration-ms="1456" started-at="2022-04-13T10:45:15 IST" finished-at="2022-04-13T10:45:17 IST">
          <reporter-output>
          </reporter-output>
        </test-method> <!-- Login_01 -->
        <test-method status="PASS" signature="tearDown()[pri:0, instance:testcase.LoginTestCase@50de0926]" name="tearDown" is-config="true" duration-ms="597" started-at="2022-04-13T10:45:17 IST" finished-at="2022-04-13T10:45:17 IST">
          <reporter-output>
          </reporter-output>
        </test-method> <!-- tearDown -->
      </class> <!-- testcase.LoginTestCase -->
    </test> <!-- Test1 -->
  </suite> <!-- Suite -->
</testng-results>
